  Button.cpp
F:\Assignment\FioraGrand\FioraGrand\GameProp.h(12,1): warning C4005: 'CONTINUE_BUTTON_POS': macro redefinition
F:\Assignment\FioraGrand\FioraGrand\GameProp.h(10,1): message : see previous definition of 'CONTINUE_BUTTON_POS'
F:\Assignment\FioraGrand\FioraGrand\GameProp.h(13,1): warning C4005: 'HOME_BUTTON_POS': macro redefinition
F:\Assignment\FioraGrand\FioraGrand\GameProp.h(11,1): message : see previous definition of 'HOME_BUTTON_POS'
  Character.cpp
F:\Assignment\FioraGrand\FioraGrand\GameProp.h(12,1): warning C4005: 'CONTINUE_BUTTON_POS': macro redefinition
F:\Assignment\FioraGrand\FioraGrand\GameProp.h(10,1): message : see previous definition of 'CONTINUE_BUTTON_POS'
F:\Assignment\FioraGrand\FioraGrand\GameProp.h(13,1): warning C4005: 'HOME_BUTTON_POS': macro redefinition
F:\Assignment\FioraGrand\FioraGrand\GameProp.h(11,1): message : see previous definition of 'HOME_BUTTON_POS'
F:\Assignment\FioraGrand\FioraGrand\Character.cpp(150,40): warning C4244: '=': conversion from 'int' to 'float', possible loss of data
F:\Assignment\FioraGrand\FioraGrand\Character.cpp(157,81): warning C4244: '=': conversion from 'int' to 'float', possible loss of data
F:\Assignment\FioraGrand\FioraGrand\Character.cpp(185,39): warning C4244: '=': conversion from 'float' to 'int', possible loss of data
F:\Assignment\FioraGrand\FioraGrand\Character.cpp(186,39): warning C4244: '=': conversion from 'float' to 'int', possible loss of data
  CyberSword.cpp
F:\Assignment\FioraGrand\FioraGrand\GameProp.h(12,1): warning C4005: 'CONTINUE_BUTTON_POS': macro redefinition
F:\Assignment\FioraGrand\FioraGrand\GameProp.h(10,1): message : see previous definition of 'CONTINUE_BUTTON_POS'
F:\Assignment\FioraGrand\FioraGrand\GameProp.h(13,1): warning C4005: 'HOME_BUTTON_POS': macro redefinition
F:\Assignment\FioraGrand\FioraGrand\GameProp.h(11,1): message : see previous definition of 'HOME_BUTTON_POS'
  Enemy.cpp
F:\Assignment\FioraGrand\FioraGrand\GameProp.h(12,1): warning C4005: 'CONTINUE_BUTTON_POS': macro redefinition
F:\Assignment\FioraGrand\FioraGrand\GameProp.h(10,1): message : see previous definition of 'CONTINUE_BUTTON_POS'
F:\Assignment\FioraGrand\FioraGrand\GameProp.h(13,1): warning C4005: 'HOME_BUTTON_POS': macro redefinition
F:\Assignment\FioraGrand\FioraGrand\GameProp.h(11,1): message : see previous definition of 'HOME_BUTTON_POS'
  GameEngine.cpp
F:\Assignment\FioraGrand\FioraGrand\GameProp.h(12,1): warning C4005: 'CONTINUE_BUTTON_POS': macro redefinition
F:\Assignment\FioraGrand\FioraGrand\GameProp.h(10,1): message : see previous definition of 'CONTINUE_BUTTON_POS'
F:\Assignment\FioraGrand\FioraGrand\GameProp.h(13,1): warning C4005: 'HOME_BUTTON_POS': macro redefinition
F:\Assignment\FioraGrand\FioraGrand\GameProp.h(11,1): message : see previous definition of 'HOME_BUTTON_POS'
  GameEvent.cpp
F:\Assignment\FioraGrand\FioraGrand\GameProp.h(12,1): warning C4005: 'CONTINUE_BUTTON_POS': macro redefinition
F:\Assignment\FioraGrand\FioraGrand\GameProp.h(10,1): message : see previous definition of 'CONTINUE_BUTTON_POS'
F:\Assignment\FioraGrand\FioraGrand\GameProp.h(13,1): warning C4005: 'HOME_BUTTON_POS': macro redefinition
F:\Assignment\FioraGrand\FioraGrand\GameProp.h(11,1): message : see previous definition of 'HOME_BUTTON_POS'
F:\Assignment\FioraGrand\FioraGrand\GameEvent.cpp(44,35): warning C4244: '=': conversion from 'Uint32' to 'float', possible loss of data
F:\Assignment\FioraGrand\FioraGrand\GameEvent.cpp(64,37): warning C4244: '=': conversion from 'Uint32' to 'float', possible loss of data
F:\Assignment\FioraGrand\FioraGrand\GameEvent.cpp(82,35): warning C4244: '=': conversion from 'Uint32' to 'float', possible loss of data
  Ghost.cpp
F:\Assignment\FioraGrand\FioraGrand\GameProp.h(12,1): warning C4005: 'CONTINUE_BUTTON_POS': macro redefinition
F:\Assignment\FioraGrand\FioraGrand\GameProp.h(10,1): message : see previous definition of 'CONTINUE_BUTTON_POS'
F:\Assignment\FioraGrand\FioraGrand\GameProp.h(13,1): warning C4005: 'HOME_BUTTON_POS': macro redefinition
F:\Assignment\FioraGrand\FioraGrand\GameProp.h(11,1): message : see previous definition of 'HOME_BUTTON_POS'
F:\Assignment\FioraGrand\FioraGrand\Ghost.cpp(28,18): warning C4244: 'initializing': conversion from 'double' to 'int', possible loss of data
  Menu.cpp
F:\Assignment\FioraGrand\FioraGrand\GameProp.h(12,1): warning C4005: 'CONTINUE_BUTTON_POS': macro redefinition
F:\Assignment\FioraGrand\FioraGrand\GameProp.h(10,1): message : see previous definition of 'CONTINUE_BUTTON_POS'
F:\Assignment\FioraGrand\FioraGrand\GameProp.h(13,1): warning C4005: 'HOME_BUTTON_POS': macro redefinition
F:\Assignment\FioraGrand\FioraGrand\GameProp.h(11,1): message : see previous definition of 'HOME_BUTTON_POS'
  Timer.cpp
F:\Assignment\FioraGrand\FioraGrand\GameProp.h(12,1): warning C4005: 'CONTINUE_BUTTON_POS': macro redefinition
F:\Assignment\FioraGrand\FioraGrand\GameProp.h(10,1): message : see previous definition of 'CONTINUE_BUTTON_POS'
F:\Assignment\FioraGrand\FioraGrand\GameProp.h(13,1): warning C4005: 'HOME_BUTTON_POS': macro redefinition
F:\Assignment\FioraGrand\FioraGrand\GameProp.h(11,1): message : see previous definition of 'HOME_BUTTON_POS'
F:\Assignment\FioraGrand\FioraGrand\Timer.cpp(13,31): warning C4244: '=': conversion from 'Uint32' to 'float', possible loss of data
F:\Assignment\FioraGrand\FioraGrand\Timer.cpp(17,32): warning C4244: '=': conversion from 'Uint32' to 'float', possible loss of data
F:\Assignment\FioraGrand\FioraGrand\Timer.cpp(32,57): warning C4244: '=': conversion from 'int64_t' to 'float', possible loss of data
  main.cpp
F:\Assignment\FioraGrand\FioraGrand\GameProp.h(12,1): warning C4005: 'CONTINUE_BUTTON_POS': macro redefinition
F:\Assignment\FioraGrand\FioraGrand\GameProp.h(10,1): message : see previous definition of 'CONTINUE_BUTTON_POS'
F:\Assignment\FioraGrand\FioraGrand\GameProp.h(13,1): warning C4005: 'HOME_BUTTON_POS': macro redefinition
F:\Assignment\FioraGrand\FioraGrand\GameProp.h(11,1): message : see previous definition of 'HOME_BUTTON_POS'
  Generating Code...
  FioraGrand.vcxproj -> F:\Assignment\FioraGrand\x64\Debug\FioraGrand.exe
